  1.cpp
D:\Projects\C++\ООП - ЗАДАЧИ ОТ СЕМИНАРИ И ПРАКТИКУМ\Homework 3\1\PartialFunctionByCriteria.hpp(2,10): warning C4067: unexpected tokens following preprocessor directive - expected a newline
  (compiling source file '1.cpp')
  
D:\Projects\C++\ООП - ЗАДАЧИ ОТ СЕМИНАРИ И ПРАКТИКУМ\Homework 3\1\PartialFunctionByCriteria.hpp(3,10): warning C4067: unexpected tokens following preprocessor directive - expected a newline
  (compiling source file '1.cpp')
  
D:\Projects\C++\ООП - ЗАДАЧИ ОТ СЕМИНАРИ И ПРАКТИКУМ\Homework 3\1\PartialFunctionByCriteria.hpp(4,10): warning C4067: unexpected tokens following preprocessor directive - expected a newline
  (compiling source file '1.cpp')
  
D:\Projects\C++\ООП - ЗАДАЧИ ОТ СЕМИНАРИ И ПРАКТИКУМ\Homework 3\1\PartialFunctionByCriteria.hpp(5,10): warning C4067: unexpected tokens following preprocessor directive - expected a newline
  (compiling source file '1.cpp')
  
D:\Projects\C++\ООП - ЗАДАЧИ ОТ СЕМИНАРИ И ПРАКТИКУМ\Homework 3\1\PartialFunctionByCriteria.hpp(6,10): warning C4067: unexpected tokens following preprocessor directive - expected a newline
  (compiling source file '1.cpp')
  
  PartialFunctionFactory.cpp
D:\Projects\C++\ООП - ЗАДАЧИ ОТ СЕМИНАРИ И ПРАКТИКУМ\Homework 3\1\PartialFunctionByCriteria.hpp(2,10): warning C4067: unexpected tokens following preprocessor directive - expected a newline
  (compiling source file 'PartialFunctionFactory.cpp')
  
D:\Projects\C++\ООП - ЗАДАЧИ ОТ СЕМИНАРИ И ПРАКТИКУМ\Homework 3\1\PartialFunctionByCriteria.hpp(3,10): warning C4067: unexpected tokens following preprocessor directive - expected a newline
  (compiling source file 'PartialFunctionFactory.cpp')
  
D:\Projects\C++\ООП - ЗАДАЧИ ОТ СЕМИНАРИ И ПРАКТИКУМ\Homework 3\1\PartialFunctionByCriteria.hpp(4,10): warning C4067: unexpected tokens following preprocessor directive - expected a newline
  (compiling source file 'PartialFunctionFactory.cpp')
  
D:\Projects\C++\ООП - ЗАДАЧИ ОТ СЕМИНАРИ И ПРАКТИКУМ\Homework 3\1\PartialFunctionByCriteria.hpp(5,10): warning C4067: unexpected tokens following preprocessor directive - expected a newline
  (compiling source file 'PartialFunctionFactory.cpp')
  
D:\Projects\C++\ООП - ЗАДАЧИ ОТ СЕМИНАРИ И ПРАКТИКУМ\Homework 3\1\PartialFunctionByCriteria.hpp(6,10): warning C4067: unexpected tokens following preprocessor directive - expected a newline
  (compiling source file 'PartialFunctionFactory.cpp')
  
  Generating Code...
  1.vcxproj -> D:\Projects\C++\ООП - ЗАДАЧИ ОТ СЕМИНАРИ И ПРАКТИКУМ\Homework 3\1\x64\Debug\1.exe
